2022-01-23 14:24:32,689 INFO Initialized the List
2022-01-23 14:24:32,839 INFO Print function called
2022-01-23 14:24:33,126 INFO append called on list [1, 2, 3, 4, 5, [4, 5]] 
2022-01-23 14:24:33,268 INFO Print function called
2022-01-23 14:24:33,548 INFO clear function called
2022-01-23 14:24:33,679 INFO Print function called
2022-01-23 14:24:34,190 INFO copy function called
2022-01-23 14:24:34,190 INFO Initialized the List
2022-01-23 14:24:34,353 INFO append called on list [23] 
2022-01-23 14:24:34,513 INFO Print function called
2022-01-23 14:24:34,681 INFO Print function called
2022-01-23 14:24:35,009 INFO Count function called
2022-01-23 14:24:35,340 INFO Initialized the List
2022-01-23 14:24:35,503 INFO Extend function called
2022-01-23 14:24:35,688 INFO Print function called
2022-01-23 15:59:22,242 INFO Initialized the List
2022-01-23 15:59:22,397 INFO Print function called
2022-01-23 15:59:22,994 INFO append called on list [1, 2, 3, 4, 5, [4, 5]] 
2022-01-23 15:59:23,174 INFO Print function called
2022-01-23 15:59:23,711 INFO clear function called
2022-01-23 15:59:24,191 INFO Print function called
2022-01-23 15:59:25,744 INFO copy function called
2022-01-23 15:59:25,745 INFO Initialized the List
2022-01-23 15:59:25,914 INFO append called on list [23] 
2022-01-23 15:59:26,433 INFO Print function called
2022-01-23 15:59:26,774 INFO Print function called
2022-01-23 15:59:28,420 INFO Count function called
2022-01-23 15:59:43,059 INFO Initialized the List
2022-01-23 15:59:43,276 INFO Count function called
2022-01-23 15:59:51,100 INFO Count function called
2022-01-23 15:59:52,786 INFO Extend function called
2022-01-23 15:59:53,848 INFO Print function called
2022-01-23 16:00:26,906 INFO Initialized the List
2022-01-23 16:00:27,057 INFO Print function called
2022-01-23 16:00:29,376 INFO append called on list [1, 2, 3, 4, 5, [4, 5]] 
2022-01-23 16:00:29,577 INFO Print function called
2022-01-23 16:00:29,939 INFO clear function called
2022-01-23 16:00:30,104 INFO Print function called
2022-01-23 16:00:30,443 INFO copy function called
2022-01-23 16:00:30,443 INFO Initialized the List
2022-01-23 16:00:30,601 INFO append called on list [23] 
2022-01-23 16:00:30,764 INFO Print function called
2022-01-23 16:00:30,939 INFO Print function called
2022-01-23 16:00:31,307 INFO Initialized the List
2022-01-23 16:00:31,507 INFO Count function called
2022-01-23 16:00:31,695 INFO Count function called
2022-01-23 16:00:32,045 INFO Extend function called
2022-01-23 16:00:32,233 INFO Print function called
2022-01-23 16:00:38,829 INFO index function called
2022-01-23 16:00:41,923 INFO index function called
2022-01-23 16:20:04,697 INFO Initialized the List
2022-01-23 16:20:04,898 INFO Print function called
2022-01-23 16:20:05,252 INFO append called on list [1, 2, 3, 4, 5, [4, 5]] 
2022-01-23 16:20:05,409 INFO Print function called
2022-01-23 16:20:05,734 INFO clear function called
2022-01-23 16:20:05,934 INFO Print function called
2022-01-23 16:20:06,264 INFO copy function called
2022-01-23 16:20:06,264 INFO Initialized the List
2022-01-23 16:20:06,430 INFO append called on list [23] 
2022-01-23 16:20:06,598 INFO Print function called
2022-01-23 16:20:06,769 INFO Print function called
2022-01-23 16:20:07,093 INFO Initialized the List
2022-01-23 16:20:07,260 INFO Count function called
2022-01-23 16:20:07,436 INFO Count function called
2022-01-23 16:20:07,785 INFO Extend function called
2022-01-23 16:20:07,949 INFO Print function called
2022-01-23 16:20:08,283 INFO index function called
2022-01-23 16:21:22,248 INFO insert function called
2022-01-23 16:21:27,659 INFO Print function called
2022-01-23 16:22:02,147 INFO Pop function called
2022-01-23 16:22:02,147 ERROR Error occurred
2022-01-23 16:22:02,147 ERROR 'str' object cannot be interpreted as an integer
2022-01-23 16:22:05,550 INFO Print function called
2022-01-23 16:22:16,525 INFO Pop function called
2022-01-23 16:22:16,734 INFO Print function called
2022-01-23 16:22:56,790 INFO remove function called
2022-01-23 16:23:00,777 INFO Print function called
2022-01-23 16:23:07,126 INFO remove function called
2022-01-23 16:23:07,127 ERROR Error occurred
2022-01-23 16:23:07,127 ERROR list.remove(x): x not in list
2022-01-23 16:23:07,411 INFO Print function called
2022-01-23 16:23:57,092 INFO reverse function called
2022-01-23 16:24:02,009 INFO Print function called
2022-01-23 16:31:54,607 INFO Initialized the List
2022-01-23 16:31:54,780 INFO Print function called
2022-01-23 16:31:55,081 INFO append called on list [1, 2, 3, 4, 5, [4, 5]] 
2022-01-23 16:31:55,238 INFO Print function called
2022-01-23 16:31:55,563 INFO clear function called
2022-01-23 16:31:55,719 INFO Print function called
2022-01-23 16:31:56,013 INFO copy function called
2022-01-23 16:31:56,013 INFO Initialized the List
2022-01-23 16:31:56,169 INFO append called on list [23] 
2022-01-23 16:31:56,329 INFO Print function called
2022-01-23 16:31:56,482 INFO Print function called
2022-01-23 16:31:56,839 INFO Initialized the List
2022-01-23 16:31:56,995 INFO Count function called
2022-01-23 16:31:57,167 INFO Count function called
2022-01-23 16:31:57,490 INFO Extend function called
2022-01-23 16:31:57,651 INFO Print function called
2022-01-23 16:31:58,016 INFO index function called
2022-01-23 16:31:58,376 INFO insert function called
2022-01-23 16:31:58,554 INFO Print function called
2022-01-23 16:31:58,914 INFO Pop function called
2022-01-23 16:31:59,323 INFO Print function called
2022-01-23 16:32:01,383 INFO remove function called
2022-01-23 16:32:01,570 INFO Print function called
2022-01-23 16:32:01,943 INFO reverse function called
2022-01-23 16:32:02,130 INFO Print function called
2022-01-23 16:32:39,129 INFO sort function called
2022-01-23 16:32:39,129 ERROR Error occurred
2022-01-23 16:32:39,129 ERROR an integer is required (got type NoneType)
2022-01-23 16:32:41,876 INFO Print function called
2022-01-23 16:33:20,867 INFO sort function called
2022-01-23 16:33:20,867 ERROR Error occurred
2022-01-23 16:33:20,867 ERROR an integer is required (got type NoneType)
2022-01-23 16:33:21,178 INFO Print function called
2022-01-23 16:33:36,734 INFO Initialized the List
2022-01-23 16:33:36,889 INFO Print function called
2022-01-23 16:33:37,234 INFO append called on list [1, 2, 3, 4, 5, [4, 5]] 
2022-01-23 16:33:37,401 INFO Print function called
2022-01-23 16:33:37,733 INFO clear function called
2022-01-23 16:33:37,898 INFO Print function called
2022-01-23 16:33:38,222 INFO copy function called
2022-01-23 16:33:38,223 INFO Initialized the List
2022-01-23 16:33:38,391 INFO append called on list [23] 
2022-01-23 16:33:38,575 INFO Print function called
2022-01-23 16:33:38,761 INFO Print function called
2022-01-23 16:33:39,106 INFO Initialized the List
2022-01-23 16:33:39,297 INFO Count function called
2022-01-23 16:33:39,481 INFO Count function called
2022-01-23 16:33:39,802 INFO Extend function called
2022-01-23 16:33:39,967 INFO Print function called
2022-01-23 16:33:40,293 INFO index function called
2022-01-23 16:33:40,645 INFO insert function called
2022-01-23 16:33:40,808 INFO Print function called
2022-01-23 16:33:41,133 INFO Pop function called
2022-01-23 16:33:41,303 INFO Print function called
2022-01-23 16:33:41,630 INFO remove function called
2022-01-23 16:33:41,784 INFO Print function called
2022-01-23 16:33:42,126 INFO reverse function called
2022-01-23 16:33:42,281 INFO Print function called
2022-01-23 16:33:42,625 INFO sort function called
2022-01-23 16:33:42,625 ERROR Error occurred
2022-01-23 16:33:42,626 ERROR an integer is required (got type NoneType)
2022-01-23 16:33:42,814 INFO Print function called
2022-01-23 16:36:09,721 INFO Initialized the List
2022-01-23 16:36:09,889 INFO Print function called
2022-01-23 16:36:10,230 INFO append called on list [1, 2, 3, 4, 5, [4, 5]] 
2022-01-23 16:36:10,407 INFO Print function called
2022-01-23 16:36:13,856 INFO clear function called
2022-01-23 16:36:14,008 INFO Print function called
2022-01-23 16:36:14,291 INFO copy function called
2022-01-23 16:36:14,291 INFO Initialized the List
2022-01-23 16:36:14,464 INFO append called on list [23] 
2022-01-23 16:36:14,994 INFO Print function called
2022-01-23 16:36:15,451 INFO Print function called
2022-01-23 16:36:16,697 INFO Initialized the List
2022-01-23 16:36:17,014 INFO Count function called
2022-01-23 16:36:17,441 INFO Count function called
2022-01-23 16:36:18,136 INFO Extend function called
2022-01-23 16:36:18,438 INFO Print function called
2022-01-23 16:36:20,992 INFO index function called
2022-01-23 16:36:21,886 INFO insert function called
2022-01-23 16:36:22,349 INFO Print function called
2022-01-23 16:36:23,169 INFO Pop function called
2022-01-23 16:36:23,344 INFO Print function called
2022-01-23 16:36:23,938 INFO remove function called
2022-01-23 16:36:24,145 INFO Print function called
2022-01-23 16:36:26,899 INFO reverse function called
2022-01-23 16:36:27,117 INFO Print function called
2022-01-23 16:36:28,986 INFO sort function called
2022-01-23 16:36:28,986 ERROR Error occurred
2022-01-23 16:36:28,986 ERROR an integer is required (got type NoneType)
2022-01-23 16:36:29,391 INFO Print function called
2022-01-23 16:36:44,077 INFO sort function called
2022-01-23 16:36:44,262 INFO Print function called
2022-01-23 16:37:18,801 INFO Initialized the List
2022-01-23 16:37:18,988 INFO Print function called
2022-01-23 16:37:21,193 INFO append called on list [1, 2, 3, 4, 5, [4, 5]] 
2022-01-23 16:37:21,357 INFO Print function called
2022-01-23 16:37:21,712 INFO clear function called
2022-01-23 16:37:21,898 INFO Print function called
2022-01-23 16:37:22,276 INFO copy function called
2022-01-23 16:37:22,277 INFO Initialized the List
2022-01-23 16:37:22,503 INFO append called on list [23] 
2022-01-23 16:37:22,658 INFO Print function called
2022-01-23 16:37:22,914 INFO Print function called
2022-01-23 16:37:23,232 INFO Initialized the List
2022-01-23 16:37:23,369 INFO Count function called
2022-01-23 16:37:23,538 INFO Count function called
2022-01-23 16:37:23,847 INFO Extend function called
2022-01-23 16:37:24,012 INFO Print function called
2022-01-23 16:37:24,332 INFO index function called
2022-01-23 16:37:24,635 INFO insert function called
2022-01-23 16:37:24,816 INFO Print function called
2022-01-23 16:37:25,160 INFO Pop function called
2022-01-23 16:37:25,320 INFO Print function called
2022-01-23 16:37:25,646 INFO remove function called
2022-01-23 16:37:25,809 INFO Print function called
2022-01-23 16:37:26,112 INFO reverse function called
2022-01-23 16:37:26,296 INFO Print function called
2022-01-23 16:37:26,928 INFO Print function called
2022-01-23 16:37:31,622 INFO sort function called
2022-01-23 16:37:32,106 INFO Print function called
2022-01-23 16:37:56,409 INFO sort function called
2022-01-23 16:37:56,593 INFO Print function called
2022-01-23 16:38:10,324 INFO Initialized the List
2022-01-23 16:38:10,485 INFO Print function called
2022-01-23 16:38:12,758 INFO append called on list [1, 2, 3, 4, 5, [4, 5]] 
2022-01-23 16:38:12,929 INFO Print function called
2022-01-23 16:38:13,265 INFO clear function called
2022-01-23 16:38:13,432 INFO Print function called
2022-01-23 16:38:13,763 INFO copy function called
2022-01-23 16:38:13,763 INFO Initialized the List
2022-01-23 16:38:13,932 INFO append called on list [23] 
2022-01-23 16:38:14,106 INFO Print function called
2022-01-23 16:38:14,276 INFO Print function called
2022-01-23 16:38:14,641 INFO Initialized the List
2022-01-23 16:38:14,802 INFO Count function called
2022-01-23 16:38:14,970 INFO Count function called
2022-01-23 16:38:15,316 INFO Extend function called
2022-01-23 16:38:15,473 INFO Print function called
2022-01-23 16:38:15,758 INFO index function called
2022-01-23 16:38:16,058 INFO insert function called
2022-01-23 16:38:16,219 INFO Print function called
2022-01-23 16:38:16,554 INFO Pop function called
2022-01-23 16:38:30,372 INFO Print function called
2022-01-23 16:38:30,999 INFO remove function called
2022-01-23 16:38:31,205 INFO Print function called
2022-01-23 16:38:31,589 INFO reverse function called
2022-01-23 16:38:31,948 INFO Print function called
2022-01-23 16:38:32,443 INFO sort function called
2022-01-23 16:38:32,947 INFO Print function called
2022-01-23 16:38:40,465 INFO sort function called
2022-01-23 16:38:40,676 INFO Print function called
2022-01-23 16:38:58,914 INFO sort function called
2022-01-23 16:38:59,158 INFO Print function called
2022-01-23 16:39:19,661 INFO sort function called
2022-01-23 16:39:23,180 INFO Print function called
2022-01-23 16:42:16,222 INFO Initialized the List
2022-01-23 16:42:16,393 INFO Print function called
2022-01-23 16:42:16,738 INFO append called on list [1, 2, 3, 4, 5, [4, 5]] 
2022-01-23 16:42:16,910 INFO Print function called
2022-01-23 16:42:17,250 INFO clear function called
2022-01-23 16:42:17,430 INFO Print function called
2022-01-23 16:42:17,775 INFO copy function called
2022-01-23 16:42:17,775 INFO Initialized the List
2022-01-23 16:42:17,940 INFO append called on list [23] 
2022-01-23 16:42:18,106 INFO Print function called
2022-01-23 16:42:18,268 INFO Print function called
2022-01-23 16:42:18,638 INFO Initialized the List
2022-01-23 16:42:18,785 INFO Count function called
2022-01-23 16:42:18,976 INFO Count function called
2022-01-23 16:42:19,346 INFO Extend function called
2022-01-23 16:42:19,476 INFO Print function called
2022-01-23 16:42:20,253 INFO index function called
2022-01-23 16:42:20,594 INFO insert function called
2022-01-23 16:42:20,770 INFO Print function called
2022-01-23 16:42:21,091 INFO Pop function called
2022-01-23 16:42:21,266 INFO Print function called
2022-01-23 16:42:21,649 INFO remove function called
2022-01-23 16:42:21,832 INFO Print function called
2022-01-23 16:42:22,159 INFO reverse function called
2022-01-23 16:42:22,345 INFO Print function called
2022-01-23 16:42:22,698 INFO sort function called
2022-01-23 16:42:23,042 INFO Print function called
2022-01-23 16:42:23,187 INFO sort function called
2022-01-23 16:42:23,384 INFO Print function called
2022-01-23 16:43:18,588 INFO Print function called
2022-01-23 16:43:23,559 INFO Print function called
2022-01-23 16:43:35,529 INFO Initialized the List
2022-01-23 16:43:38,318 INFO Print function called
2022-01-23 16:43:42,584 INFO + operator called
2022-01-23 16:44:35,689 INFO Initialized the List
2022-01-23 16:44:35,856 INFO Print function called
2022-01-23 16:44:36,199 INFO append called on list [1, 2, 3, 4, 5, [4, 5]] 
2022-01-23 16:44:36,364 INFO Print function called
2022-01-23 16:44:36,690 INFO clear function called
2022-01-23 16:44:36,854 INFO Print function called
2022-01-23 16:44:37,173 INFO copy function called
2022-01-23 16:44:37,173 INFO Initialized the List
2022-01-23 16:44:37,330 INFO append called on list [23] 
2022-01-23 16:44:37,496 INFO Print function called
2022-01-23 16:44:37,671 INFO Print function called
2022-01-23 16:44:38,016 INFO Initialized the List
2022-01-23 16:44:38,186 INFO Count function called
2022-01-23 16:44:38,363 INFO Count function called
2022-01-23 16:44:38,693 INFO Extend function called
2022-01-23 16:44:38,862 INFO Print function called
2022-01-23 16:44:39,180 INFO index function called
2022-01-23 16:44:39,504 INFO insert function called
2022-01-23 16:44:39,648 INFO Print function called
2022-01-23 16:44:39,979 INFO Pop function called
2022-01-23 16:44:40,153 INFO Print function called
2022-01-23 16:44:40,472 INFO remove function called
2022-01-23 16:44:40,624 INFO Print function called
2022-01-23 16:44:40,955 INFO reverse function called
2022-01-23 16:44:41,124 INFO Print function called
2022-01-23 16:44:41,506 INFO sort function called
2022-01-23 16:44:41,845 INFO Print function called
2022-01-23 16:44:42,020 INFO sort function called
2022-01-23 16:44:42,204 INFO Print function called
2022-01-23 16:44:43,075 INFO Print function called
2022-01-23 16:44:43,684 INFO Initialized the List
2022-01-23 16:44:44,263 INFO Print function called
2022-01-23 16:44:44,557 INFO + operator called
2022-01-23 16:44:44,557 INFO Initialized the List
2022-01-23 16:44:53,647 INFO + operator called
2022-01-23 16:44:53,647 INFO Initialized the List
2022-01-23 16:44:59,440 INFO Print function called
2022-01-23 16:48:07,682 INFO Initialized the List
2022-01-23 16:48:07,832 INFO Print function called
2022-01-23 16:48:08,157 INFO append called on list [1, 2, 3, 4, 5, [4, 5]] 
2022-01-23 16:48:08,313 INFO Print function called
2022-01-23 16:48:08,624 INFO clear function called
2022-01-23 16:48:08,774 INFO Print function called
2022-01-23 16:48:09,086 INFO copy function called
2022-01-23 16:48:09,086 INFO Initialized the List
2022-01-23 16:48:09,260 INFO append called on list [23] 
2022-01-23 16:48:09,417 INFO Print function called
2022-01-23 16:48:09,610 INFO Print function called
2022-01-23 16:48:09,953 INFO Initialized the List
2022-01-23 16:48:10,130 INFO Count function called
2022-01-23 16:48:10,330 INFO Count function called
2022-01-23 16:48:10,672 INFO Extend function called
2022-01-23 16:48:10,856 INFO Print function called
2022-01-23 16:48:11,185 INFO index function called
2022-01-23 16:48:11,521 INFO insert function called
2022-01-23 16:48:11,684 INFO Print function called
2022-01-23 16:48:12,026 INFO Pop function called
2022-01-23 16:48:12,192 INFO Print function called
2022-01-23 16:48:12,527 INFO remove function called
2022-01-23 16:48:12,698 INFO Print function called
2022-01-23 16:48:13,023 INFO reverse function called
2022-01-23 16:48:13,179 INFO Print function called
2022-01-23 16:48:13,591 INFO sort function called
2022-01-23 16:48:13,803 INFO Print function called
2022-01-23 16:48:14,001 INFO sort function called
2022-01-23 16:48:14,162 INFO Print function called
2022-01-23 16:48:14,667 INFO Print function called
2022-01-23 16:48:14,865 INFO Initialized the List
2022-01-23 16:48:15,444 INFO Print function called
2022-01-23 16:48:15,585 INFO + operator called
2022-01-23 16:48:15,585 INFO Initialized the List
2022-01-23 16:48:15,765 INFO Print function called
2022-01-23 16:48:29,020 INFO Print function called
2022-01-23 16:48:53,650 INFO * operator called
2022-01-23 16:48:53,650 INFO Initialized the List
2022-01-23 16:48:57,780 INFO Print function called
2022-01-23 17:33:33,790 INFO Initialized the Tuple
2022-01-23 17:34:05,980 INFO Initialized the List
2022-01-23 17:34:06,154 INFO Print function called
2022-01-23 17:34:06,502 INFO append called on list [1, 2, 3, 4, 5, [4, 5]] 
2022-01-23 17:34:06,644 INFO Print function called
2022-01-23 17:34:06,991 INFO clear function called
2022-01-23 17:34:07,153 INFO Print function called
2022-01-23 17:34:07,475 INFO copy function called
2022-01-23 17:34:07,475 INFO Initialized the List
2022-01-23 17:34:07,636 INFO append called on list [23] 
2022-01-23 17:34:07,802 INFO Print function called
2022-01-23 17:34:07,965 INFO Print function called
2022-01-23 17:34:08,293 INFO Initialized the List
2022-01-23 17:34:08,466 INFO Count function called
2022-01-23 17:34:08,635 INFO Count function called
2022-01-23 17:34:08,989 INFO Extend function called
2022-01-23 17:34:09,162 INFO Print function called
2022-01-23 17:34:09,519 INFO index function called
2022-01-23 17:34:09,881 INFO insert function called
2022-01-23 17:34:10,058 INFO Print function called
2022-01-23 17:34:10,418 INFO Pop function called
2022-01-23 17:34:10,586 INFO Print function called
2022-01-23 17:34:10,932 INFO remove function called
2022-01-23 17:34:11,107 INFO Print function called
2022-01-23 17:34:11,468 INFO reverse function called
2022-01-23 17:34:11,673 INFO Print function called
2022-01-23 17:34:12,061 INFO sort function called
2022-01-23 17:34:12,264 INFO Print function called
2022-01-23 17:34:12,449 INFO sort function called
2022-01-23 17:34:12,622 INFO Print function called
2022-01-23 17:34:13,177 INFO Print function called
2022-01-23 17:34:13,360 INFO Initialized the List
2022-01-23 17:34:13,535 INFO Print function called
2022-01-23 17:34:13,713 INFO + operator called
2022-01-23 17:34:13,714 INFO Initialized the List
2022-01-23 17:34:13,905 INFO Print function called
2022-01-23 17:34:14,461 INFO Print function called
2022-01-23 17:34:14,643 INFO * operator called
2022-01-23 17:34:14,643 INFO Initialized the List
2022-01-23 17:34:14,838 INFO Print function called
2022-01-23 17:34:15,955 INFO Initialized the Tuple
2022-01-23 17:35:50,873 INFO Initialized the List
2022-01-23 17:35:51,057 INFO Print function called
2022-01-23 17:35:51,421 INFO append called on list [1, 2, 3, 4, 5, [4, 5]] 
2022-01-23 17:35:51,593 INFO Print function called
2022-01-23 17:35:51,924 INFO clear function called
2022-01-23 17:35:52,131 INFO Print function called
2022-01-23 17:35:52,478 INFO copy function called
2022-01-23 17:35:52,479 INFO Initialized the List
2022-01-23 17:35:52,833 INFO append called on list [23] 
2022-01-23 17:35:53,007 INFO Print function called
2022-01-23 17:35:53,515 INFO Print function called
2022-01-23 17:35:53,575 INFO Initialized the List
2022-01-23 17:35:53,605 INFO Count function called
2022-01-23 17:35:53,636 INFO Count function called
2022-01-23 17:35:53,696 INFO Extend function called
2022-01-23 17:35:53,725 INFO Print function called
2022-01-23 17:35:53,787 INFO index function called
2022-01-23 17:35:53,847 INFO insert function called
2022-01-23 17:35:53,880 INFO Print function called
2022-01-23 17:35:53,941 INFO Pop function called
2022-01-23 17:35:54,309 INFO Print function called
2022-01-23 17:35:54,657 INFO remove function called
2022-01-23 17:35:54,818 INFO Print function called
2022-01-23 17:35:55,172 INFO reverse function called
2022-01-23 17:35:55,354 INFO Print function called
2022-01-23 17:35:55,704 INFO sort function called
2022-01-23 17:35:55,891 INFO Print function called
2022-01-23 17:35:56,061 INFO sort function called
2022-01-23 17:35:56,217 INFO Print function called
2022-01-23 17:35:56,724 INFO Print function called
2022-01-23 17:35:56,863 INFO Initialized the List
2022-01-23 17:35:57,033 INFO Print function called
2022-01-23 17:35:57,208 INFO + operator called
2022-01-23 17:35:57,209 INFO Initialized the List
2022-01-23 17:35:57,376 INFO Print function called
2022-01-23 17:35:57,883 INFO Print function called
2022-01-23 17:35:58,046 INFO * operator called
2022-01-23 17:35:58,047 INFO Initialized the List
2022-01-23 17:35:58,215 INFO Print function called
2022-01-23 17:35:59,276 INFO Initialized the Tuple
2022-01-23 17:37:02,890 INFO Initialized the List
2022-01-23 17:37:03,395 INFO Print function called
2022-01-23 17:37:03,454 INFO append called on list [1, 2, 3, 4, 5, [4, 5]] 
2022-01-23 17:37:03,484 INFO Print function called
2022-01-23 17:37:03,546 INFO clear function called
2022-01-23 17:37:03,575 INFO Print function called
2022-01-23 17:37:03,638 INFO copy function called
2022-01-23 17:37:03,639 INFO Initialized the List
2022-01-23 17:37:03,665 INFO append called on list [23] 
2022-01-23 17:37:03,695 INFO Print function called
2022-01-23 17:37:03,725 INFO Print function called
2022-01-23 17:37:03,790 INFO Initialized the List
2022-01-23 17:37:03,817 INFO Count function called
2022-01-23 17:37:03,851 INFO Count function called
2022-01-23 17:37:03,911 INFO Extend function called
2022-01-23 17:37:03,941 INFO Print function called
2022-01-23 17:37:04,004 INFO index function called
2022-01-23 17:37:04,064 INFO insert function called
2022-01-23 17:37:04,093 INFO Print function called
2022-01-23 17:37:04,153 INFO Pop function called
2022-01-23 17:37:04,184 INFO Print function called
2022-01-23 17:37:04,244 INFO remove function called
2022-01-23 17:37:04,591 INFO Print function called
2022-01-23 17:37:05,129 INFO reverse function called
2022-01-23 17:37:05,159 INFO Print function called
2022-01-23 17:37:05,218 INFO sort function called
2022-01-23 17:37:05,250 INFO Print function called
2022-01-23 17:37:05,280 INFO sort function called
2022-01-23 17:37:05,310 INFO Print function called
2022-01-23 17:37:05,403 INFO Print function called
2022-01-23 17:37:05,433 INFO Initialized the List
2022-01-23 17:37:05,462 INFO Print function called
2022-01-23 17:37:05,493 INFO + operator called
2022-01-23 17:37:05,494 INFO Initialized the List
2022-01-23 17:37:05,524 INFO Print function called
2022-01-23 17:37:05,615 INFO Print function called
2022-01-23 17:37:06,165 INFO * operator called
2022-01-23 17:37:06,166 INFO Initialized the List
2022-01-23 17:37:06,341 INFO Print function called
2022-01-23 17:37:07,330 INFO Initialized the Tuple
2022-01-23 17:37:50,566 INFO count function called
2022-01-23 17:38:17,891 INFO index function called
2022-01-23 17:38:17,891 ERROR Error occurred
2022-01-23 17:38:17,891 ERROR tuple.index(x): x not in tuple
2022-01-23 17:38:20,933 INFO index function called
2022-01-23 17:38:45,981 INFO Initialized the Tuple
2022-01-23 17:38:46,618 INFO count function called
2022-01-23 17:38:46,939 INFO index function called
2022-01-23 17:39:53,650 INFO Initialized the List
2022-01-23 17:39:53,823 INFO Print function called
2022-01-23 17:39:54,148 INFO append called on list [1, 2, 3, 4, 5, [4, 5]] 
2022-01-23 17:39:54,654 INFO Print function called
2022-01-23 17:39:54,713 INFO clear function called
2022-01-23 17:39:54,743 INFO Print function called
2022-01-23 17:39:54,806 INFO copy function called
2022-01-23 17:39:54,807 INFO Initialized the List
2022-01-23 17:39:54,835 INFO append called on list [23] 
2022-01-23 17:39:54,864 INFO Print function called
2022-01-23 17:39:54,894 INFO Print function called
2022-01-23 17:39:54,955 INFO Initialized the List
2022-01-23 17:39:54,989 INFO Count function called
2022-01-23 17:39:55,017 INFO Count function called
2022-01-23 17:39:55,077 INFO Extend function called
2022-01-23 17:39:55,107 INFO Print function called
2022-01-23 17:39:55,169 INFO index function called
2022-01-23 17:39:55,228 INFO insert function called
2022-01-23 17:39:55,259 INFO Print function called
2022-01-23 17:39:55,318 INFO Pop function called
2022-01-23 17:39:55,349 INFO Print function called
2022-01-23 17:39:55,409 INFO remove function called
2022-01-23 17:39:55,441 INFO Print function called
2022-01-23 17:39:55,505 INFO reverse function called
2022-01-23 17:39:55,536 INFO Print function called
2022-01-23 17:39:55,596 INFO sort function called
2022-01-23 17:39:55,625 INFO Print function called
2022-01-23 17:39:55,959 INFO sort function called
2022-01-23 17:39:56,463 INFO Print function called
2022-01-23 17:39:56,557 INFO Print function called
2022-01-23 17:39:56,587 INFO Initialized the List
2022-01-23 17:39:56,618 INFO Print function called
2022-01-23 17:39:56,649 INFO + operator called
2022-01-23 17:39:56,649 INFO Initialized the List
2022-01-23 17:39:56,678 INFO Print function called
2022-01-23 17:39:56,768 INFO Print function called
2022-01-23 17:39:56,798 INFO * operator called
2022-01-23 17:39:56,799 INFO Initialized the List
2022-01-23 17:39:56,828 INFO Print function called
2022-01-23 17:39:57,012 INFO Initialized the Tuple
2022-01-23 17:39:57,969 INFO count function called
2022-01-23 17:39:58,276 INFO index function called
2022-01-23 17:40:57,745 INFO Initialized the List
2022-01-23 17:40:57,777 INFO Print function called
2022-01-23 17:40:57,839 INFO append called on list [1, 2, 3, 4, 5, [4, 5]] 
2022-01-23 17:40:57,870 INFO Print function called
2022-01-23 17:40:57,929 INFO clear function called
2022-01-23 17:40:57,960 INFO Print function called
2022-01-23 17:40:58,020 INFO copy function called
2022-01-23 17:40:58,021 INFO Initialized the List
2022-01-23 17:40:58,051 INFO append called on list [23] 
2022-01-23 17:40:58,081 INFO Print function called
2022-01-23 17:40:58,113 INFO Print function called
2022-01-23 17:40:58,171 INFO Initialized the List
2022-01-23 17:40:58,202 INFO Count function called
2022-01-23 17:40:58,233 INFO Count function called
2022-01-23 17:40:58,298 INFO Extend function called
2022-01-23 17:40:58,326 INFO Print function called
2022-01-23 17:40:58,388 INFO index function called
2022-01-23 17:40:58,448 INFO insert function called
2022-01-23 17:40:58,477 INFO Print function called
2022-01-23 17:40:58,536 INFO Pop function called
2022-01-23 17:40:58,567 INFO Print function called
2022-01-23 17:40:58,627 INFO remove function called
2022-01-23 17:40:58,657 INFO Print function called
2022-01-23 17:40:58,718 INFO reverse function called
2022-01-23 17:40:58,748 INFO Print function called
2022-01-23 17:40:58,809 INFO sort function called
2022-01-23 17:40:58,843 INFO Print function called
2022-01-23 17:40:58,876 INFO sort function called
2022-01-23 17:40:58,903 INFO Print function called
2022-01-23 17:40:58,995 INFO Print function called
2022-01-23 17:40:59,025 INFO Initialized the List
2022-01-23 17:40:59,053 INFO Print function called
2022-01-23 17:40:59,085 INFO + operator called
2022-01-23 17:40:59,086 INFO Initialized the List
2022-01-23 17:40:59,115 INFO Print function called
2022-01-23 17:41:00,098 INFO Print function called
2022-01-23 17:41:00,126 INFO * operator called
2022-01-23 17:41:00,126 INFO Initialized the List
2022-01-23 17:41:00,158 INFO Print function called
2022-01-23 17:41:00,341 INFO Initialized the Tuple
2022-01-23 17:41:01,329 INFO count function called
2022-01-23 17:41:01,389 INFO index function called
2022-01-23 17:43:26,317 INFO Initialized the Tuple
2022-01-23 17:43:26,945 INFO count function called
2022-01-23 17:43:27,254 INFO index function called
2022-01-23 17:52:52,724 INFO Initialized the List
2022-01-23 17:52:52,885 INFO Print function called
2022-01-23 17:52:53,192 INFO append called on list [1, 2, 3, 4, 5, [4, 5]] 
2022-01-23 17:52:53,343 INFO Print function called
2022-01-23 17:52:53,657 INFO clear function called
2022-01-23 17:52:53,814 INFO Print function called
2022-01-23 17:52:54,122 INFO copy function called
2022-01-23 17:52:54,123 INFO Initialized the List
2022-01-23 17:52:54,285 INFO append called on list [23] 
2022-01-23 17:52:54,446 INFO Print function called
2022-01-23 17:52:54,609 INFO Print function called
2022-01-23 17:52:54,928 INFO Initialized the List
2022-01-23 17:52:55,081 INFO Count function called
2022-01-23 17:52:55,238 INFO Count function called
2022-01-23 17:52:55,563 INFO Extend function called
2022-01-23 17:52:55,722 INFO Print function called
2022-01-23 17:52:56,075 INFO index function called
2022-01-23 17:52:56,426 INFO insert function called
2022-01-23 17:52:58,028 INFO Print function called
2022-01-23 17:52:58,389 INFO Pop function called
2022-01-23 17:52:58,550 INFO Print function called
2022-01-23 17:52:58,896 INFO remove function called
2022-01-23 17:52:59,064 INFO Print function called
2022-01-23 17:52:59,396 INFO reverse function called
2022-01-23 17:52:59,564 INFO Print function called
2022-01-23 17:53:00,301 INFO sort function called
2022-01-23 17:53:00,468 INFO Print function called
2022-01-23 17:53:00,633 INFO sort function called
2022-01-23 17:53:00,795 INFO Print function called
2022-01-23 17:53:01,275 INFO Print function called
2022-01-23 17:53:01,626 INFO Initialized the List
2022-01-23 17:53:02,118 INFO Print function called
2022-01-23 17:53:02,297 INFO + operator called
2022-01-23 17:53:02,297 INFO Initialized the List
2022-01-23 17:53:02,460 INFO Print function called
2022-01-23 17:53:03,171 INFO Print function called
2022-01-23 17:53:03,505 INFO * operator called
2022-01-23 17:53:03,505 INFO Initialized the List
2022-01-23 17:53:05,050 INFO Print function called
2022-01-23 17:53:10,437 INFO Initialized the Tuple
2022-01-23 17:53:11,081 INFO count function called
2022-01-23 17:53:11,550 INFO index function called
2022-01-23 17:54:39,819 INFO Initialized the List
2022-01-23 17:54:39,834 INFO Print function called
2022-01-23 17:54:39,850 INFO append called on list [1, 2, 3, 4, 5, [4, 5]] 
2022-01-23 17:54:39,870 INFO Print function called
2022-01-23 17:54:41,058 INFO clear function called
2022-01-23 17:54:41,088 INFO Print function called
2022-01-23 17:54:41,147 INFO copy function called
2022-01-23 17:54:41,148 INFO Initialized the List
2022-01-23 17:54:41,180 INFO append called on list [23] 
2022-01-23 17:54:41,211 INFO Print function called
2022-01-23 17:54:41,243 INFO Print function called
2022-01-23 17:54:41,303 INFO Initialized the List
2022-01-23 17:54:41,334 INFO Count function called
2022-01-23 17:54:41,363 INFO Count function called
2022-01-23 17:54:41,423 INFO Extend function called
2022-01-23 17:54:41,455 INFO Print function called
2022-01-23 17:54:41,515 INFO index function called
2022-01-23 17:54:41,573 INFO insert function called
2022-01-23 17:54:41,950 INFO Print function called
2022-01-23 17:54:42,489 INFO Pop function called
2022-01-23 17:54:42,520 INFO Print function called
2022-01-23 17:54:42,581 INFO remove function called
2022-01-23 17:54:42,611 INFO Print function called
2022-01-23 17:54:42,672 INFO reverse function called
2022-01-23 17:54:42,705 INFO Print function called
2022-01-23 17:54:42,766 INFO sort function called
2022-01-23 17:54:42,796 INFO Print function called
2022-01-23 17:54:42,824 INFO sort function called
2022-01-23 17:54:42,855 INFO Print function called
2022-01-23 17:54:43,365 INFO Print function called
2022-01-23 17:54:43,559 INFO Initialized the List
2022-01-23 17:54:43,738 INFO Print function called
2022-01-23 17:54:43,917 INFO + operator called
2022-01-23 17:54:43,917 INFO Initialized the List
2022-01-23 17:54:44,426 INFO Print function called
2022-01-23 17:54:44,517 INFO Print function called
2022-01-23 17:54:44,547 INFO * operator called
2022-01-23 17:54:44,547 INFO Initialized the List
2022-01-23 17:54:44,576 INFO Print function called
2022-01-23 17:54:44,763 INFO Initialized the Tuple
